0 info it worked if it ends with ok
1 verbose cli [ 'C:\\Program Files\\nodejs\\node.exe',
1 verbose cli   'C:\\Program Files\\nodejs\\node_modules\\npm\\bin\\npm-cli.js',
1 verbose cli   'start' ]
2 info using npm@3.3.12
3 info using node@v5.5.0
4 verbose run-script [ 'prestart', 'start', 'poststart' ]
5 info lifecycle wechat@1.0.0~prestart: wechat@1.0.0
6 silly lifecycle wechat@1.0.0~prestart: no script for prestart, continuing
7 info lifecycle wechat@1.0.0~start: wechat@1.0.0
8 verbose lifecycle wechat@1.0.0~start: unsafe-perm in lifecycle true
9 verbose lifecycle wechat@1.0.0~start: PATH: C:\Program Files\nodejs\node_modules\npm\bin\node-gyp-bin;C:\node\heroku\wechat\node_modules\.bin;C:\ProgramData\Oracle\Java\javapath;C:\Ruby23\bin;C:\Program Files\Teradata\Client\15.10\bin;C:\Program Files (x86)\Teradata\Client\15.10\bin;C:\Program Files (x86)\PC Connectivity Solution\;C:\Program Files (x86)\Google\Chrome\Application;C:\Program Files\xampp\php;C:\Perl64\bin;C:\PERL51001\Perl\site\bin;C:\PERL51001\Perl\bin;C:\Program Files (x86)\RSA SecurID Token Common;C:\WINDOWS\system32;C:\WINDOWS;C:\WINDOWS\System32\Wbem;C:\WINDOWS\System32\WindowsPowerShell\v1.0\;C:\WINDOWS\System32\WindowsPowerShell\v1.0\;C:\Program Files (x86)\Microsoft Application Virtualization Client;C:\Program Files\Common Files\Hitachi ID\;C:\Program Files (x86)\java\jre6\bin\;C:\Program Files (x86)\Perforce;C:\Program Files\Java\jdk1.8.0_51\bin;C:\Python27;C:\ProgramData\ComposerSetup\bin;C:\adb;C:\Program Files\Java\jdk1.8.0_51 ; C:\Program Files\Java\jre1.8.0_51;\Program Files\Java\jre1.8.0_51;\Program Files\Java\jdk1.8.0_51\bin;C:\Program Files\nodejs\;C:\Program Files (x86)\NSIS;C:\Users\apresannakumar\AppData\Roaming\npm;C:\Program Files (x86)\Git\cmd;C:\Users\apresannakumar\AppData\Roaming\npm;C:\Program Files (x86)\Heroku\bin;C:\Program Files\MySQL\MySQL Utilities 1.6\;C:\Program Files (x86)\Skype\Phone\;C:\Program Files (x86)\Google\Chrome\Application;C:\Program Files\xampp\php;C:\Perl64\bin;C:\ProgramData\Oracle\Java\javapath;C:\PERL51001\Perl\site\bin;C:\PERL51001\Perl\bin;C:\Program Files (x86)\RSA SecurID Token Common;C:\WINDOWS\system32;C:\WINDOWS;C:\WINDOWS\System32\Wbem;C:\WINDOWS\System32\WindowsPowerShell\v1.0\;C:\WINDOWS\System32\WindowsPowerShell\v1.0\;C:\Program Files (x86)\Microsoft Application Virtualization Client;C:\Program Files\Common Files\Hitachi ID\;C:\Program Files (x86)\Git\cmd;C:\Program Files (x86)\java\jre6\bin\;C:\Program Files (x86)\Perforce;C:\Program Files\Java\jdk1.8.0_51\bin;C:\Program Files\MySQL\MySQL Server 5.6\bin;C:\Python27;C:\Program Files (x86)\MySQL\MySQL Fabric 1.5 MySQL Utilities 1.5\Doctrine extensions for PHP\;C:\ProgramData\ComposerSetup\bin;C:\adb;C:\Program Files\Java\jdk1.8.0_51 ; C:\Program Files\Java\jre1.8.0_51;\Program Files\Java\jre1.8.0_51;\Program Files\Java\jdk1.8.0_51\bin;C:\Python27\scripts;C:\Python27\Tools\Scripts\win_add2path.py;C:\Users\apresannakumar\AppData\Roaming\npm;C:\Users\apresannakumar\AppData\Local\Box\Box Edit\
10 verbose lifecycle wechat@1.0.0~start: CWD: C:\node\heroku\wechat
11 silly lifecycle wechat@1.0.0~start: Args: [ '/d /s /c', 'node index.js' ]
12 silly lifecycle wechat@1.0.0~start: Returned: code: 1  signal: null
13 info lifecycle wechat@1.0.0~start: Failed to exec start script
14 verbose stack Error: wechat@1.0.0 start: `node index.js`
14 verbose stack Exit status 1
14 verbose stack     at EventEmitter.<anonymous> (C:\Program Files\nodejs\node_modules\npm\lib\utils\lifecycle.js:232:16)
14 verbose stack     at emitTwo (events.js:100:13)
14 verbose stack     at EventEmitter.emit (events.js:185:7)
14 verbose stack     at ChildProcess.<anonymous> (C:\Program Files\nodejs\node_modules\npm\lib\utils\spawn.js:24:14)
14 verbose stack     at emitTwo (events.js:100:13)
14 verbose stack     at ChildProcess.emit (events.js:185:7)
14 verbose stack     at maybeClose (internal/child_process.js:821:16)
14 verbose stack     at Process.ChildProcess._handle.onexit (internal/child_process.js:211:5)
15 verbose pkgid wechat@1.0.0
16 verbose cwd C:\node\heroku\wechat
17 error Windows_NT 6.1.7601
18 error argv "C:\\Program Files\\nodejs\\node.exe" "C:\\Program Files\\nodejs\\node_modules\\npm\\bin\\npm-cli.js" "start"
19 error node v5.5.0
20 error npm  v3.3.12
21 error code ELIFECYCLE
22 error wechat@1.0.0 start: `node index.js`
22 error Exit status 1
23 error Failed at the wechat@1.0.0 start script 'node index.js'.
23 error Make sure you have the latest version of node.js and npm installed.
23 error If you do, this is most likely a problem with the wechat package,
23 error not with npm itself.
23 error Tell the author that this fails on your system:
23 error     node index.js
23 error You can get their info via:
23 error     npm owner ls wechat
23 error There is likely additional logging output above.
24 verbose exit [ 1, true ]
